
2023-11-06 15:46:37 - Splitting code by lines - [32m[47mINFO[0m - Created new dataframe[0m
2023-11-06 15:46:37 - Splitting code by lines - [32m[47mINFO[0m - Rows: 278[0m
2023-11-06 15:46:37 - Splitting code by lines - [32m[47mINFO[0m - Columns: 5
=============================[0m
2023-11-06 15:47:42 - Splitting code by lines - [32m[47mINFO[0m - Created new dataframe[0m
2023-11-06 15:47:42 - Splitting code by lines - [32m[47mINFO[0m - Created new dataframe[0m
2023-11-06 15:47:42 - Splitting code by lines - [32m[47mINFO[0m - Rows: 278[0m
2023-11-06 15:47:42 - Splitting code by lines - [32m[47mINFO[0m - Rows: 278[0m
2023-11-06 15:47:42 - Splitting code by lines - [32m[47mINFO[0m - Columns: 5
=============================[0m
2023-11-06 15:47:42 - Splitting code by lines - [32m[47mINFO[0m - Columns: 5
=============================[0m
2023-11-06 15:49:37 - Splitting code by lines - [32m[47mINFO[0m - Created new dataframe[0m
2023-11-06 15:49:37 - Splitting code by lines - [32m[47mINFO[0m - Created new dataframe[0m
2023-11-06 15:49:37 - Splitting code by lines - [32m[47mINFO[0m - Created new dataframe[0m
2023-11-06 15:49:37 - Splitting code by lines - [32m[47mINFO[0m - Rows: 278[0m
2023-11-06 15:49:37 - Splitting code by lines - [32m[47mINFO[0m - Rows: 278[0m
2023-11-06 15:49:37 - Splitting code by lines - [32m[47mINFO[0m - Rows: 278[0m
2023-11-06 15:49:37 - Splitting code by lines - [32m[47mINFO[0m - Columns: 5
=============================[0m
2023-11-06 15:49:37 - Splitting code by lines - [32m[47mINFO[0m - Columns: 5
=============================[0m
2023-11-06 15:49:37 - Splitting code by lines - [32m[47mINFO[0m - Columns: 5
=============================[0m
2023-11-06 15:51:01 - Indexing codebase - [32m[47mINFO[0m - Indexed 276 rows[0m
2023-11-06 15:51:01 - PARSERO - [32m[47mINFO[0m - Getting embeddings[0m
2023-11-06 15:51:01 - PARSERO - [31m[40mERROR[0m - Error found: name 'get_embedding' is not defined[0m
2023-11-06 15:56:13 - Splitting code by lines - [32m[47mINFO[0m - Created new dataframe[0m
2023-11-06 15:56:13 - Splitting code by lines - [32m[47mINFO[0m - Rows: 278[0m
2023-11-06 15:56:13 - Splitting code by lines - [32m[47mINFO[0m - Columns: 5
=============================[0m
